{"timestamp":"2026-03-23T10:40:49Z","hook":"session-start","decision":"inject","detail":"detected: Rust","duration_ms":32}
{"timestamp":"2026-03-23T10:40:49Z","hook":"log-instructions","decision":"skip","duration_ms":5}
{"timestamp":"2026-03-23T10:46:54Z","hook":"classify-prompt","decision":"massive","duration_ms":21}
{"timestamp":"2026-03-23T10:53:48Z","hook":"guard-writes","decision":"pass","duration_ms":7}
{"timestamp":"2026-03-23T10:53:48Z","hook":"post-edit","decision":"skip","detail":"rust files use LSP","duration_ms":5}
{"timestamp":"2026-03-23T10:54:12Z","hook":"guard-writes","decision":"pass","duration_ms":6}
{"timestamp":"2026-03-23T10:54:12Z","hook":"post-edit","decision":"skip","detail":"rust files use LSP","duration_ms":5}
{"timestamp":"2026-03-23T10:54:41Z","hook":"task-gate","decision":"pass","duration_ms":23346}
{"timestamp":"2026-03-23T10:55:14Z","hook":"guard-writes","decision":"pass","duration_ms":7}
{"timestamp":"2026-03-23T10:55:14Z","hook":"post-edit","decision":"skip","detail":"rust files use LSP","duration_ms":5}
{"timestamp":"2026-03-23T10:55:41Z","hook":"guard-writes","decision":"pass","duration_ms":6}
{"timestamp":"2026-03-23T10:55:41Z","hook":"post-edit","decision":"skip","detail":"rust files use LSP","duration_ms":7}
{"timestamp":"2026-03-23T10:55:54Z","hook":"guard-writes","decision":"pass","duration_ms":6}
{"timestamp":"2026-03-23T10:55:54Z","hook":"post-edit","decision":"skip","detail":"rust files use LSP","duration_ms":6}
{"timestamp":"2026-03-23T10:56:26Z","hook":"guard-writes","decision":"pass","duration_ms":8}
{"timestamp":"2026-03-23T10:56:26Z","hook":"post-edit","decision":"skip","detail":"rust files use LSP","duration_ms":5}
{"timestamp":"2026-03-23T10:56:39Z","hook":"guard-writes","decision":"pass","duration_ms":5}
{"timestamp":"2026-03-23T10:56:39Z","hook":"post-edit","decision":"skip","detail":"rust files use LSP","duration_ms":7}
{"timestamp":"2026-03-23T10:56:46Z","hook":"guard-writes","decision":"pass","duration_ms":7}
{"timestamp":"2026-03-23T10:56:47Z","hook":"post-edit","decision":"skip","detail":"rust files use LSP","duration_ms":7}
{"timestamp":"2026-03-23T10:56:57Z","hook":"guard-writes","decision":"pass","duration_ms":6}
{"timestamp":"2026-03-23T10:56:58Z","hook":"post-edit","decision":"skip","detail":"rust files use LSP","duration_ms":7}
{"timestamp":"2026-03-23T10:57:08Z","hook":"guard-writes","decision":"pass","duration_ms":7}
{"timestamp":"2026-03-23T10:57:08Z","hook":"post-edit","decision":"skip","detail":"rust files use LSP","duration_ms":5}
{"timestamp":"2026-03-23T10:57:26Z","hook":"task-gate","decision":"pass","duration_ms":5676}
{"timestamp":"2026-03-23T10:57:36Z","hook":"guard-writes","decision":"pass","duration_ms":7}
{"timestamp":"2026-03-23T10:57:36Z","hook":"post-edit","decision":"skip","detail":"rust files use LSP","duration_ms":5}
{"timestamp":"2026-03-23T10:57:49Z","hook":"task-gate","decision":"pass","duration_ms":4347}
{"timestamp":"2026-03-23T10:58:03Z","hook":"guard-writes","decision":"pass","duration_ms":7}
{"timestamp":"2026-03-23T10:58:03Z","hook":"post-edit","decision":"skip","detail":"rust files use LSP","duration_ms":7}
{"timestamp":"2026-03-23T10:58:19Z","hook":"guard-writes","decision":"pass","duration_ms":7}
{"timestamp":"2026-03-23T10:58:19Z","hook":"post-edit","decision":"skip","detail":"rust files use LSP","duration_ms":7}
{"timestamp":"2026-03-23T10:58:31Z","hook":"task-gate","decision":"pass","duration_ms":4058}
{"timestamp":"2026-03-23T10:58:46Z","hook":"guard-writes","decision":"pass","duration_ms":9}
{"timestamp":"2026-03-23T10:58:46Z","hook":"post-edit","decision":"skip","detail":"rust files use LSP","duration_ms":7}
{"timestamp":"2026-03-23T10:59:16Z","hook":"guard-writes","decision":"pass","duration_ms":7}
{"timestamp":"2026-03-23T10:59:16Z","hook":"post-edit","decision":"skip","detail":"rust files use LSP","duration_ms":6}
{"timestamp":"2026-03-23T11:01:46Z","hook":"failure-tracker","decision":"track","detail":"count=1 sig=Exit code ","duration_ms":9}
{"timestamp":"2026-03-23T11:09:21Z","hook":"failure-tracker","decision":"track","detail":"count=1 sig=Exit code ","duration_ms":12}
